<?xml version="1.0" encoding="utf-8"?><testsuites name="pytest tests"><testsuite name="pytest" errors="0" failures="0" skipped="0" tests="16" time="7.119" timestamp="2026-04-25T00:33:52.469934+00:00" hostname="agent-env-4f16d15e-d9df-4af7-b145-e7e86841d446"><testcase classname="backend.tests.test_gamergrid_games.TestCarousels" name="test_trending" time="1.046" /><testcase classname="backend.tests.test_gamergrid_games.TestCarousels" name="test_top_rated" time="0.427" /><testcase classname="backend.tests.test_gamergrid_games.TestCarousels" name="test_upcoming" time="0.694" /><testcase classname="backend.tests.test_gamergrid_games.TestCarousels" name="test_new_releases" time="0.702" /><testcase classname="backend.tests.test_gamergrid_games.TestPlatforms" name="test_platform[playstation]" time="0.585" /><testcase classname="backend.tests.test_gamergrid_games.TestPlatforms" name="test_platform[xbox]" time="0.488" /><testcase classname="backend.tests.test_gamergrid_games.TestPlatforms" name="test_platform[pc]" time="0.572" /><testcase classname="backend.tests.test_gamergrid_games.TestPlatforms" name="test_platform[switch]" time="0.704" /><testcase classname="backend.tests.test_gamergrid_games.TestPlatforms" name="test_invalid_platform" time="0.055" /><testcase classname="backend.tests.test_gamergrid_games.TestPlatforms" name="test_platforms_list" time="0.055" /><testcase classname="backend.tests.test_gamergrid_games.TestSearch" name="test_search_mario" time="0.281" /><testcase classname="backend.tests.test_gamergrid_games.TestSearch" name="test_search_empty_query" time="0.044" /><testcase classname="backend.tests.test_gamergrid_games.TestDetails" name="test_details" time="0.685" /><testcase classname="backend.tests.test_gamergrid_games.TestDetails" name="test_details_not_found" time="0.168" /><testcase classname="backend.tests.test_gamergrid_games.TestDetails" name="test_videos_shape" time="0.173" /><testcase classname="backend.tests.test_gamergrid_games.TestAuthSmoke" name="test_login" time="0.359" /></testsuite></testsuites>