<?xml version="1.0" encoding="utf-8"?><testsuites name="pytest tests"><testsuite name="pytest" errors="0" failures="0" skipped="0" tests="9" time="4.287" timestamp="2026-04-25T00:44:44.549316+00:00" hostname="agent-env-4f16d15e-d9df-4af7-b145-e7e86841d446"><testcase classname="backend.tests.test_new_filters_buylinks.TestGenres" name="test_genres_list_shape" time="0.200" /><testcase classname="backend.tests.test_new_filters_buylinks.TestMongoCache" name="test_trending_second_hit_is_fast" time="0.111" /><testcase classname="backend.tests.test_new_filters_buylinks.TestFilters" name="test_trending_genre_shooter_year_2023" time="1.077" /><testcase classname="backend.tests.test_new_filters_buylinks.TestFilters" name="test_top_rated_genre_rpg" time="0.852" /><testcase classname="backend.tests.test_new_filters_buylinks.TestFilters" name="test_platform_playstation_genre_year" time="0.687" /><testcase classname="backend.tests.test_new_filters_buylinks.TestFilters" name="test_upcoming_with_genre" time="0.674" /><testcase classname="backend.tests.test_new_filters_buylinks.TestBuyLinks" name="test_witcher_3_has_direct_store_links" time="0.055" /><testcase classname="backend.tests.test_new_filters_buylinks.TestBuyLinks" name="test_gtav_has_fallback_buy_links" time="0.498" /><testcase classname="backend.tests.test_new_filters_buylinks.TestBuyLinks" name="test_buy_links_no_duplicates" time="0.051" /></testsuite></testsuites>