<?xml version="1.0" encoding="utf-8"?><testsuites name="pytest tests"><testsuite name="pytest" errors="0" failures="0" skipped="0" tests="21" time="7.476" timestamp="2026-04-25T02:54:44.312436+00:00" hostname="agent-env-4f16d15e-d9df-4af7-b145-e7e86841d446"><testcase classname="backend.tests.test_iter11_top10_mostpopular.TestTop10" name="test_top10_returns_10" time="0.145" /><testcase classname="backend.tests.test_iter11_top10_mostpopular.TestTop10" name="test_top10_dev_publisher_populated" time="0.052" /><testcase classname="backend.tests.test_iter11_top10_mostpopular.TestTop10" name="test_top10_titles_recognizable" time="0.050" /><testcase classname="backend.tests.test_iter11_top10_mostpopular.TestMostPopular" name="test_most_popular_5" time="0.057" /><testcase classname="backend.tests.test_iter11_top10_mostpopular.TestMostPopular" name="test_most_popular_differs_from_top10" time="0.109" /><testcase classname="backend.tests.test_iter11_top10_mostpopular.TestRegression" name="test_trending" time="0.947" /><testcase classname="backend.tests.test_iter11_top10_mostpopular.TestRegression" name="test_top_rated" time="0.578" /><testcase classname="backend.tests.test_iter11_top10_mostpopular.TestRegression" name="test_upcoming" time="0.665" /><testcase classname="backend.tests.test_iter11_top10_mostpopular.TestRegression" name="test_new_releases" time="0.690" /><testcase classname="backend.tests.test_iter11_top10_mostpopular.TestRegression" name="test_goty" time="0.054" /><testcase classname="backend.tests.test_iter11_top10_mostpopular.TestRegression" name="test_platform[playstation]" time="0.488" /><testcase classname="backend.tests.test_iter11_top10_mostpopular.TestRegression" name="test_platform[xbox]" time="0.635" /><testcase classname="backend.tests.test_iter11_top10_mostpopular.TestRegression" name="test_platform[pc]" time="0.693" /><testcase classname="backend.tests.test_iter11_top10_mostpopular.TestRegression" name="test_platform[switch]" time="0.486" /><testcase classname="backend.tests.test_iter11_top10_mostpopular.TestRegression" name="test_search" time="0.430" /><testcase classname="backend.tests.test_iter11_top10_mostpopular.TestRegression" name="test_details_buy_links" time="0.053" /><testcase classname="backend.tests.test_iter11_top10_mostpopular.TestRegression" name="test_videos" time="0.269" /><testcase classname="backend.tests.test_iter11_top10_mostpopular.TestRegression" name="test_genres" time="0.050" /><testcase classname="backend.tests.test_iter11_top10_mostpopular.TestRegression" name="test_platforms_list" time="0.051" /><testcase classname="backend.tests.test_iter11_top10_mostpopular.TestRegression" name="test_deals" time="0.836" /><testcase classname="backend.tests.test_iter11_top10_mostpopular.TestRegression" name="test_user_profile_public" time="0.049" /></testsuite></testsuites>