<?xml version="1.0" encoding="utf-8"?><testsuites name="pytest tests"><testsuite name="pytest" errors="0" failures="0" skipped="0" tests="26" time="5.316" timestamp="2026-04-25T01:12:49.388380+00:00" hostname="agent-env-4f16d15e-d9df-4af7-b145-e7e86841d446"><testcase classname="backend.tests.test_iter8_avatars_goty.TestProfilePicturePersistence" name="test_ceo_profile_persists_gamergrid_icon" time="0.621" /><testcase classname="backend.tests.test_iter8_avatars_goty.TestProfilePicturePersistence" name="test_put_profile_xbox_persists" time="0.222" /><testcase classname="backend.tests.test_iter8_avatars_goty.TestProfilePicturePersistence" name="test_put_profile_does_not_revert_to_default" time="0.657" /><testcase classname="backend.tests.test_iter8_avatars_goty.TestProfilePicturePersistence" name="test_restore_ceo_to_gamergrid" time="0.245" /><testcase classname="backend.tests.test_iter8_avatars_goty.TestNewUserDefault" name="test_new_user_profile_picture_is_none" time="0.430" /><testcase classname="backend.tests.test_iter8_avatars_goty.TestPresetAvatarAssets" name="test_preset_svg_returns_200[/gamergrid-icon.svg]" time="0.101" /><testcase classname="backend.tests.test_iter8_avatars_goty.TestPresetAvatarAssets" name="test_preset_svg_returns_200[/playstation-icon.svg]" time="0.106" /><testcase classname="backend.tests.test_iter8_avatars_goty.TestPresetAvatarAssets" name="test_preset_svg_returns_200[/xbox-icon.svg]" time="0.106" /><testcase classname="backend.tests.test_iter8_avatars_goty.TestPresetAvatarAssets" name="test_preset_svg_returns_200[/switch-icon.svg]" time="0.106" /><testcase classname="backend.tests.test_iter8_avatars_goty.TestPresetAvatarAssets" name="test_preset_svg_returns_200[/pc-steam-icon.svg]" time="0.103" /><testcase classname="backend.tests.test_iter8_avatars_goty.TestGOTY" name="test_goty_default_year" time="0.138" /><testcase classname="backend.tests.test_iter8_avatars_goty.TestGOTY" name="test_goty_year_2024" time="0.114" /><testcase classname="backend.tests.test_iter8_avatars_goty.TestMongoTTL" name="test_games_cache_has_ttl_index" time="0.197" /><testcase classname="backend.tests.test_iter8_avatars_goty.TestRegression" name="test_endpoint_200[/games/trending]" time="0.110" /><testcase classname="backend.tests.test_iter8_avatars_goty.TestRegression" name="test_endpoint_200[/games/top-rated]" time="0.115" /><testcase classname="backend.tests.test_iter8_avatars_goty.TestRegression" name="test_endpoint_200[/games/upcoming]" time="0.114" /><testcase classname="backend.tests.test_iter8_avatars_goty.TestRegression" name="test_endpoint_200[/games/new-releases]" time="0.115" /><testcase classname="backend.tests.test_iter8_avatars_goty.TestRegression" name="test_endpoint_200[/games/platform/playstation]" time="0.127" /><testcase classname="backend.tests.test_iter8_avatars_goty.TestRegression" name="test_endpoint_200[/games/platform/xbox]" time="0.131" /><testcase classname="backend.tests.test_iter8_avatars_goty.TestRegression" name="test_endpoint_200[/games/platform/pc]" time="0.112" /><testcase classname="backend.tests.test_iter8_avatars_goty.TestRegression" name="test_endpoint_200[/games/platform/switch]" time="0.118" /><testcase classname="backend.tests.test_iter8_avatars_goty.TestRegression" name="test_endpoint_200[/games/genres]" time="0.113" /><testcase classname="backend.tests.test_iter8_avatars_goty.TestRegression" name="test_endpoint_200[/games/platforms]" time="0.129" /><testcase classname="backend.tests.test_iter8_avatars_goty.TestRegression" name="test_search_zelda" time="0.434" /><testcase classname="backend.tests.test_iter8_avatars_goty.TestRegression" name="test_witcher3_details_buy_links" time="0.107" /><testcase classname="backend.tests.test_iter8_avatars_goty.TestRegression" name="test_videos_endpoint" time="0.373" /></testsuite></testsuites>