<?xml version="1.0" encoding="utf-8"?><testsuites name="pytest tests"><testsuite name="pytest" errors="0" failures="0" skipped="0" tests="23" time="3.952" timestamp="2026-04-25T01:42:39.634490+00:00" hostname="agent-env-4f16d15e-d9df-4af7-b145-e7e86841d446"><testcase classname="backend.tests.test_iter10_public_profile_deals.TestPublicProfile" name="test_existing_user_jaycool" time="0.172" /><testcase classname="backend.tests.test_iter10_public_profile_deals.TestPublicProfile" name="test_case_insensitive" time="0.112" /><testcase classname="backend.tests.test_iter10_public_profile_deals.TestPublicProfile" name="test_nonexistent_user_returns_404" time="0.049" /><testcase classname="backend.tests.test_iter10_public_profile_deals.TestDeals" name="test_witcher3_deals" time="0.051" /><testcase classname="backend.tests.test_iter10_public_profile_deals.TestDeals" name="test_no_match_returns_empty" time="0.047" /><testcase classname="backend.tests.test_iter10_public_profile_deals.TestDeals" name="test_deals_cached_with_ttl" time="0.550" /><testcase classname="backend.tests.test_iter10_public_profile_deals.TestCardDevPub" name="test_trending_has_dev_pub" time="0.048" /><testcase classname="backend.tests.test_iter10_public_profile_deals.TestUserProfileConsolidation" name="test_get_user_profile" time="0.346" /><testcase classname="backend.tests.test_iter10_public_profile_deals.TestUserProfileConsolidation" name="test_put_then_get_roundtrip" time="0.189" /><testcase classname="backend.tests.test_iter10_public_profile_deals.TestUserProfileConsolidation" name="test_no_legacy_disabled_route" time="0.046" /><testcase classname="backend.tests.test_iter10_public_profile_deals" name="test_regression_endpoints[/games/trending?limit=2]" time="0.049" /><testcase classname="backend.tests.test_iter10_public_profile_deals" name="test_regression_endpoints[/games/top-rated?limit=2]" time="0.049" /><testcase classname="backend.tests.test_iter10_public_profile_deals" name="test_regression_endpoints[/games/upcoming?limit=2]" time="0.053" /><testcase classname="backend.tests.test_iter10_public_profile_deals" name="test_regression_endpoints[/games/new-releases?limit=2]" time="0.049" /><testcase classname="backend.tests.test_iter10_public_profile_deals" name="test_regression_endpoints[/games/platform/playstation?limit=2]" time="0.942" /><testcase classname="backend.tests.test_iter10_public_profile_deals" name="test_regression_endpoints[/games/platform/xbox?limit=2]" time="0.047" /><testcase classname="backend.tests.test_iter10_public_profile_deals" name="test_regression_endpoints[/games/platform/pc?limit=2]" time="0.049" /><testcase classname="backend.tests.test_iter10_public_profile_deals" name="test_regression_endpoints[/games/platform/switch?limit=2]" time="0.048" /><testcase classname="backend.tests.test_iter10_public_profile_deals" name="test_regression_endpoints[/games/search?q=zelda&amp;limit=2]" time="0.195" /><testcase classname="backend.tests.test_iter10_public_profile_deals" name="test_regression_endpoints[/games/genres]" time="0.046" /><testcase classname="backend.tests.test_iter10_public_profile_deals" name="test_regression_endpoints[/games/platforms]" time="0.045" /><testcase classname="backend.tests.test_iter10_public_profile_deals" name="test_regression_endpoints[/games/goty?limit=1]" time="0.049" /><testcase classname="backend.tests.test_iter10_public_profile_deals" name="test_game_details_and_videos" time="0.577" /></testsuite></testsuites>