<?xml version="1.0" encoding="utf-8"?><testsuites name="pytest tests"><testsuite name="pytest" errors="0" failures="0" skipped="0" tests="23" time="4.439" timestamp="2026-04-28T11:07:57.478686+00:00" hostname="agent-env-4f16d15e-d9df-4af7-b145-e7e86841d446"><testcase classname="backend.tests.test_iter12_payments_feed.TestAuth" name="test_signup_returns_jwt" time="0.590" /><testcase classname="backend.tests.test_iter12_payments_feed.TestAuth" name="test_login_returns_jwt" time="0.335" /><testcase classname="backend.tests.test_iter12_payments_feed.TestAuth" name="test_login_bad_password" time="0.105" /><testcase classname="backend.tests.test_iter12_payments_feed.TestAdminTipsFeed" name="test_requires_auth" time="0.119" /><testcase classname="backend.tests.test_iter12_payments_feed.TestAdminTipsFeed" name="test_non_admin_forbidden" time="0.481" /><testcase classname="backend.tests.test_iter12_payments_feed.TestAdminTipsFeed" name="test_admin_returns_envelope" time="0.416" /><testcase classname="backend.tests.test_iter12_payments_feed.TestAdminTipsFeed" name="test_or_query_includes_legacy_completed_only" time="0.169" /><testcase classname="backend.tests.test_iter12_payments_feed.TestAdminTipsFeed" name="test_geo_enrichment_present" time="0.206" /><testcase classname="backend.tests.test_iter12_payments_feed.TestAllTransactions" name="test_non_admin_forbidden" time="0.106" /><testcase classname="backend.tests.test_iter12_payments_feed.TestAllTransactions" name="test_admin_returns_all_regardless_of_status" time="0.112" /><testcase classname="backend.tests.test_iter12_payments_feed.TestRecentPublic" name="test_public_no_auth" time="0.113" /><testcase classname="backend.tests.test_iter12_payments_feed.TestStripeCheckout" name="test_tip_checkout_responds" time="0.141" /><testcase classname="backend.tests.test_iter12_payments_feed.TestStripeCheckout" name="test_tip_checkout_invalid_package" time="0.122" /><testcase classname="backend.tests.test_iter12_payments_feed.TestStripeCheckout" name="test_tip_checkout_requires_auth" time="0.117" /><testcase classname="backend.tests.test_iter12_payments_feed.TestStripeCheckout" name="test_subscription_checkout_responds" time="0.139" /><testcase classname="backend.tests.test_iter12_payments_feed.TestStripeCheckout" name="test_status_polling_graceful" time="0.138" /><testcase classname="backend.tests.test_iter12_payments_feed.TestAdminNotifications" name="test_admin_notifications" time="0.128" /><testcase classname="backend.tests.test_iter12_payments_feed.TestAdminNotifications" name="test_admin_notifications_non_admin" time="0.110" /><testcase classname="backend.tests.test_iter12_payments_feed" name="test_games_catalog[/games/trending]" time="0.127" /><testcase classname="backend.tests.test_iter12_payments_feed" name="test_games_catalog[/games/top-rated]" time="0.136" /><testcase classname="backend.tests.test_iter12_payments_feed" name="test_games_catalog[/games/upcoming]" time="0.118" /><testcase classname="backend.tests.test_iter12_payments_feed" name="test_games_catalog[/games/new-releases]" time="0.129" /><testcase classname="backend.tests.test_iter12_payments_feed" name="test_games_catalog[/games/top10]" time="0.113" /></testsuite></testsuites>