<?xml version="1.0" encoding="utf-8"?><testsuites name="pytest tests"><testsuite name="pytest" errors="0" failures="0" skipped="0" tests="16" time="3.635" timestamp="2026-04-25T00:44:52.763262+00:00" hostname="agent-env-4f16d15e-d9df-4af7-b145-e7e86841d446"><testcase classname="backend.tests.test_gamergrid_games.TestCarousels" name="test_trending" time="0.211" /><testcase classname="backend.tests.test_gamergrid_games.TestCarousels" name="test_top_rated" time="0.065" /><testcase classname="backend.tests.test_gamergrid_games.TestCarousels" name="test_upcoming" time="0.080" /><testcase classname="backend.tests.test_gamergrid_games.TestCarousels" name="test_new_releases" time="0.059" /><testcase classname="backend.tests.test_gamergrid_games.TestPlatforms" name="test_platform[playstation]" time="0.065" /><testcase classname="backend.tests.test_gamergrid_games.TestPlatforms" name="test_platform[xbox]" time="0.062" /><testcase classname="backend.tests.test_gamergrid_games.TestPlatforms" name="test_platform[pc]" time="0.061" /><testcase classname="backend.tests.test_gamergrid_games.TestPlatforms" name="test_platform[switch]" time="0.059" /><testcase classname="backend.tests.test_gamergrid_games.TestPlatforms" name="test_invalid_platform" time="0.053" /><testcase classname="backend.tests.test_gamergrid_games.TestPlatforms" name="test_platforms_list" time="0.062" /><testcase classname="backend.tests.test_gamergrid_games.TestSearch" name="test_search_mario" time="0.341" /><testcase classname="backend.tests.test_gamergrid_games.TestSearch" name="test_search_empty_query" time="0.052" /><testcase classname="backend.tests.test_gamergrid_games.TestDetails" name="test_details" time="1.174" /><testcase classname="backend.tests.test_gamergrid_games.TestDetails" name="test_details_not_found" time="0.429" /><testcase classname="backend.tests.test_gamergrid_games.TestDetails" name="test_videos_shape" time="0.481" /><testcase classname="backend.tests.test_gamergrid_games.TestAuthSmoke" name="test_login" time="0.316" /></testsuite></testsuites>