<?xml version="1.0" encoding="utf-8"?><testsuites name="pytest tests"><testsuite name="pytest" errors="0" failures="0" skipped="0" tests="22" time="9.755" timestamp="2026-04-03T19:20:25.045401+00:00" hostname="agent-env-4f16d15e-d9df-4af7-b145-e7e86841d446"><testcase classname="backend.tests.test_flixvault_v2.TestAuthenticationFlow" name="test_login_admin_account" time="0.418" /><testcase classname="backend.tests.test_flixvault_v2.TestAuthenticationFlow" name="test_login_test_user" time="0.318" /><testcase classname="backend.tests.test_flixvault_v2.TestAuthenticationFlow" name="test_login_invalid_credentials" time="0.341" /><testcase classname="backend.tests.test_flixvault_v2.TestAuthenticationFlow" name="test_get_current_user" time="0.464" /><testcase classname="backend.tests.test_flixvault_v2.TestFeedbackReportIssue" name="test_submit_bug_report" time="0.461" /><testcase classname="backend.tests.test_flixvault_v2.TestFeedbackReportIssue" name="test_submit_feature_request" time="0.437" /><testcase classname="backend.tests.test_flixvault_v2.TestFeedbackReportIssue" name="test_submit_improvement" time="0.447" /><testcase classname="backend.tests.test_flixvault_v2.TestFeedbackReportIssue" name="test_get_my_feedback" time="0.437" /><testcase classname="backend.tests.test_flixvault_v2.TestFeedbackReportIssue" name="test_feedback_requires_auth" time="0.103" /><testcase classname="backend.tests.test_flixvault_v2.TestUserReviewManagement" name="test_submit_review" time="0.448" /><testcase classname="backend.tests.test_flixvault_v2.TestUserReviewManagement" name="test_get_ratings_for_content" time="0.106" /><testcase classname="backend.tests.test_flixvault_v2.TestUserReviewManagement" name="test_get_user_rating_for_content" time="0.434" /><testcase classname="backend.tests.test_flixvault_v2.TestUserReviewManagement" name="test_update_review" time="0.548" /><testcase classname="backend.tests.test_flixvault_v2.TestUserReviewManagement" name="test_delete_review_requires_ownership" time="0.471" /><testcase classname="backend.tests.test_flixvault_v2.TestAdminReplySystem" name="test_admin_check" time="0.489" /><testcase classname="backend.tests.test_flixvault_v2.TestAdminReplySystem" name="test_admin_get_all_reviews" time="0.436" /><testcase classname="backend.tests.test_flixvault_v2.TestAdminReplySystem" name="test_admin_reply_to_review" time="0.974" /><testcase classname="backend.tests.test_flixvault_v2.TestAdminReplySystem" name="test_admin_reply_to_app_review" time="1.106" /><testcase classname="backend.tests.test_flixvault_v2.TestUserReplyToAdmin" name="test_user_reply_to_admin_endpoint" time="0.446" /><testcase classname="backend.tests.test_flixvault_v2.TestSearchFunctionality" name="test_catalog_movies_search" time="0.123" /><testcase classname="backend.tests.test_flixvault_v2.TestSearchFunctionality" name="test_catalog_series_count" time="0.199" /><testcase classname="backend.tests.test_flixvault_v2.TestAdminFeedbackManagement" name="test_admin_get_all_feedback" time="0.440" /></testsuite></testsuites>