<?xml version="1.0" encoding="utf-8"?><testsuites name="pytest tests"><testsuite name="pytest" errors="0" failures="0" skipped="9" tests="15" time="3.197" timestamp="2026-03-30T16:09:31.235362+00:00" hostname="agent-env-4f16d15e-d9df-4af7-b145-e7e86841d446"><testcase classname="backend.tests.test_new_features.TestHealthAndBasicEndpoints" name="test_api_root" time="0.233" /><testcase classname="backend.tests.test_new_features.TestHealthAndBasicEndpoints" name="test_public_domain_movies" time="0.127" /><testcase classname="backend.tests.test_new_features.TestHealthAndBasicEndpoints" name="test_trending_whats_hot" time="0.668" /><testcase classname="backend.tests.test_new_features.TestAuthentication" name="test_login_with_test_account" time="0.132"><skipped type="pytest.skip" message="Test account not available">/app/backend/tests/test_new_features.py:66: Test account not available</skipped></testcase><testcase classname="backend.tests.test_new_features.TestAuthentication" name="test_register_new_user" time="0.150" /><testcase classname="backend.tests.test_new_features.TestFeedbackSystem" name="test_submit_feedback_requires_auth" time="0.136" /><testcase classname="backend.tests.test_new_features.TestFeedbackSystem" name="test_submit_feedback_authenticated" time="0.431"><skipped type="pytest.skip" message="Auth token not available">/app/backend/tests/test_new_features.py:113: Auth token not available</skipped></testcase><testcase classname="backend.tests.test_new_features.TestFeedbackSystem" name="test_get_my_feedback" time="0.177"><skipped type="pytest.skip" message="Auth token not available">/app/backend/tests/test_new_features.py:134: Auth token not available</skipped></testcase><testcase classname="backend.tests.test_new_features.TestContentRequests" name="test_submit_content_request_requires_auth" time="0.139" /><testcase classname="backend.tests.test_new_features.TestContentRequests" name="test_submit_content_request_authenticated" time="0.221"><skipped type="pytest.skip" message="Auth token not available">/app/backend/tests/test_new_features.py:171: Auth token not available</skipped></testcase><testcase classname="backend.tests.test_new_features.TestContentRequests" name="test_get_my_content_requests" time="0.131"><skipped type="pytest.skip" message="Auth token not available">/app/backend/tests/test_new_features.py:192: Auth token not available</skipped></testcase><testcase classname="backend.tests.test_new_features.TestAdminEndpoints" name="test_admin_check_endpoint" time="0.131"><skipped type="pytest.skip" message="Auth token not available">/app/backend/tests/test_new_features.py:219: Auth token not available</skipped></testcase><testcase classname="backend.tests.test_new_features.TestAdminEndpoints" name="test_admin_stats_requires_admin" time="0.132"><skipped type="pytest.skip" message="Auth token not available">/app/backend/tests/test_new_features.py:231: Auth token not available</skipped></testcase><testcase classname="backend.tests.test_new_features.TestAdminEndpoints" name="test_admin_user_details_endpoint" time="0.129"><skipped type="pytest.skip" message="Auth token not available">/app/backend/tests/test_new_features.py:247: Auth token not available</skipped></testcase><testcase classname="backend.tests.test_new_features.TestAdminManagement" name="test_manage_admin_requires_admin" time="0.154"><skipped type="pytest.skip" message="Auth token not available">/app/backend/tests/test_new_features.py:291: Auth token not available</skipped></testcase></testsuite></testsuites>